<?xml version="1.0" encoding="UTF-8"?>
<testng-results skipped="0" failed="0" total="1" passed="1">
  <reporter-output>
  </reporter-output>
  <suite name="Default suite" duration-ms="47" started-at="2017-02-20T13:18:28Z" finished-at="2017-02-20T13:18:28Z">
    <groups>
    </groups>
    <test name="Default test" duration-ms="47" started-at="2017-02-20T13:18:28Z" finished-at="2017-02-20T13:18:28Z">
      <class name="helloWorldPackage.HelloWorld_Test">
        <test-method status="PASS" signature="testOne()[pri:0, instance:helloWorldPackage.HelloWorld_Test@7ca48474]" name="testOne" duration-ms="29" started-at="2017-02-20T14:18:28Z" finished-at="2017-02-20T14:18:28Z">
          <reporter-output>
          </reporter-output>
        </test-method> <!-- testOne -->
      </class> <!-- helloWorldPackage.HelloWorld_Test -->
    </test> <!-- Default test -->
  </suite> <!-- Default suite -->
</testng-results>
